<?xml version="1.0" encoding="UTF-8"?>
<!-- Generated by org.testng.reporters.JUnitReportReporter -->
<testsuite hostname="ajay-singh-lodhi" failures="5" tests="80" name="TestScript.Recentchatsearchtest" time="1969.525" errors="0" timestamp="2024-04-15T14:36:56 IST" skipped="0">
  <testcase classname="TestScript.Recentchatsearchtest" name="Login" time="16.235"/>
  <system-out/>
  <testcase classname="TestScript.Recentchatsearchtest" name="Click_On_Unread_Msgs_Icon_Without_Msgs" time="24.790"/>
  <system-out/>
  <testcase classname="TestScript.Recentchatsearchtest" name="Click_On_Unread_Msgs_Icon_With_Msgs" time="28.261"/>
  <system-out/>
  <testcase classname="TestScript.Recentchatsearchtest" name="Search_Valid_User_In_Unread_Msg" time="24.902"/>
  <system-out/>
  <testcase classname="TestScript.Recentchatsearchtest" name="Search_InValid_User_In_Unread_Msg" time="24.394"/>
  <system-out/>
  <testcase classname="TestScript.Recentchatsearchtest" name="Click_User_Or_Group_In_Unread_Msg_Icon" time="19.334">
    <failure message="test case pass expected [active] but found [unread-count active]" type="java.lang.AssertionError">
      <![CDATA[java.lang.AssertionError: test case pass expected [active] but found [unread-count active]
at org.testng.Assert.fail(Assert.java:110)
at org.testng.Assert.failNotEquals(Assert.java:1577)
at org.testng.Assert.assertEqualsImpl(Assert.java:149)
at org.testng.Assert.assertEquals(Assert.java:131)
at org.testng.Assert.assertEquals(Assert.java:655)
at Pages.Recentchatsearch.Clicked_Unread_Msg_Icon1(Recentchatsearch.java:219)
at TestScript.Recentchatsearchtest.Click_User_Or_Group_In_Unread_Msg_Icon(Recentchatsearchtest.java:256)
at java.base/jdk.internal.reflect.NativeMethodAccessorImpl.invoke0(Native Method)
at java.base/jdk.internal.reflect.NativeMethodAccessorImpl.invoke(NativeMethodAccessorImpl.java:77)
at java.base/jdk.internal.reflect.DelegatingMethodAccessorImpl.invoke(DelegatingMethodAccessorImpl.java:43)
at java.base/java.lang.reflect.Method.invoke(Method.java:568)
at org.testng.internal.invokers.MethodInvocationHelper.invokeMethod(MethodInvocationHelper.java:139)
at org.testng.internal.invokers.TestInvoker.invokeMethod(TestInvoker.java:677)
at org.testng.internal.invokers.TestInvoker.invokeTestMethod(TestInvoker.java:221)
at org.testng.internal.invokers.MethodRunner.runInSequence(MethodRunner.java:50)
at org.testng.internal.invokers.TestInvoker$MethodInvocationAgent.invoke(TestInvoker.java:969)
at org.testng.internal.invokers.TestInvoker.invokeTestMethods(TestInvoker.java:194)
at org.testng.internal.invokers.TestMethodWorker.invokeTestMethods(TestMethodWorker.java:148)
at org.testng.internal.invokers.TestMethodWorker.run(TestMethodWorker.java:128)
at java.base/java.util.ArrayList.forEach(ArrayList.java:1511)
at org.testng.TestRunner.privateRun(TestRunner.java:829)
at org.testng.TestRunner.run(TestRunner.java:602)
at org.testng.SuiteRunner.runTest(SuiteRunner.java:437)
at org.testng.SuiteRunner.runSequentially(SuiteRunner.java:431)
at org.testng.SuiteRunner.privateRun(SuiteRunner.java:391)
at org.testng.SuiteRunner.run(SuiteRunner.java:330)
at org.testng.SuiteRunnerWorker.runSuite(SuiteRunnerWorker.java:52)
at org.testng.SuiteRunnerWorker.run(SuiteRunnerWorker.java:95)
at org.testng.TestNG.runSuitesSequentially(TestNG.java:1256)
at org.testng.TestNG.runSuitesLocally(TestNG.java:1176)
at org.testng.TestNG.runSuites(TestNG.java:1099)
at org.testng.TestNG.run(TestNG.java:1067)
at org.testng.remote.AbstractRemoteTestNG.run(AbstractRemoteTestNG.java:115)
at org.testng.remote.RemoteTestNG.initAndRun(RemoteTestNG.java:251)
at org.testng.remote.RemoteTestNG.main(RemoteTestNG.java:77)
]]>
    </failure>
  </testcase> <!-- Click_User_Or_Group_In_Unread_Msg_Icon -->
  <system-out/>
  <testcase classname="TestScript.Recentchatsearchtest" name="Click_On_Respond_later_Icon" time="21.746"/>
  <system-out/>
  <testcase classname="TestScript.Recentchatsearchtest" name="Click_On_Respond_later_Icon_With_Msgs" time="32.099"/>
  <system-out/>
  <testcase classname="TestScript.Recentchatsearchtest" name="Search_Valid_User_In_Respond_later" time="29.072"/>
  <system-out/>
  <testcase classname="TestScript.Recentchatsearchtest" name="Search_InValid_User_In_Respond_later" time="28.660"/>
  <system-out/>
  <testcase classname="TestScript.Recentchatsearchtest" name="Click_On_Favourites_Icon" time="21.011"/>
  <system-out/>
  <testcase classname="TestScript.Recentchatsearchtest" name="Click_On_Favourites_Icon_Users_Groups" time="24.619"/>
  <system-out/>
  <testcase classname="TestScript.Recentchatsearchtest" name="Search_Valid_User_In_Favourites" time="23.239"/>
  <system-out/>
  <testcase classname="TestScript.Recentchatsearchtest" name="Search_InValid_User_In_Favourites" time="23.821"/>
  <system-out/>
  <testcase classname="TestScript.Recentchatsearchtest" name="Click_On_Recent_Chat_Search" time="20.562"/>
  <system-out/>
  <testcase classname="TestScript.Recentchatsearchtest" name="Close_The_Recent_Chat_Search" time="22.096"/>
  <system-out/>
  <testcase classname="TestScript.Recentchatsearchtest" name="Enter_Recent_Chat_Search" time="20.819"/>
  <system-out/>
  <testcase classname="TestScript.Recentchatsearchtest" name="Click_On_Filters_Icon" time="20.599"/>
  <system-out/>
  <testcase classname="TestScript.Recentchatsearchtest" name="Click_On_All_Members_And_Groups" time="23.300"/>
  <system-out/>
  <testcase classname="TestScript.Recentchatsearchtest" name="Enter_UserName_In_All_Members_And_Groups_Filter" time="25.559"/>
  <system-out/>
  <testcase classname="TestScript.Recentchatsearchtest" name="Enter_GroupName_In_All_Members_And_Groups_Filter" time="26.025"/>
  <system-out/>
  <testcase classname="TestScript.Recentchatsearchtest" name="Enter_InValid_Username_In_All_Members_And_Groups_Filter" time="25.479"/>
  <system-out/>
  <testcase classname="TestScript.Recentchatsearchtest" name="Click_On_Members" time="23.123"/>
  <system-out/>
  <testcase classname="TestScript.Recentchatsearchtest" name="Enter_UserName_Members" time="25.791"/>
  <system-out/>
  <testcase classname="TestScript.Recentchatsearchtest" name="Enter_GroupName_Members" time="25.602"/>
  <system-out/>
  <testcase classname="TestScript.Recentchatsearchtest" name="Click_On_Groups" time="22.708"/>
  <system-out/>
  <testcase classname="TestScript.Recentchatsearchtest" name="Enter_UserName_Groups" time="25.206"/>
  <system-out/>
  <testcase classname="TestScript.Recentchatsearchtest" name="Enter_GroupName_Groups" time="24.959"/>
  <system-out/>
  <testcase classname="TestScript.Recentchatsearchtest" name="Click_On_Orange_Members" time="23.403"/>
  <system-out/>
  <testcase classname="TestScript.Recentchatsearchtest" name="Enter_UserName_Orange_Members" time="24.832"/>
  <system-out/>
  <testcase classname="TestScript.Recentchatsearchtest" name="Enter_GroupName_Orange_Members" time="25.163"/>
  <system-out/>
  <testcase classname="TestScript.Recentchatsearchtest" name="Enter_OrangeUserName_Orange_Members" time="25.418"/>
  <system-out/>
  <testcase classname="TestScript.Recentchatsearchtest" name="Click_On_DeActivated_User" time="22.872"/>
  <system-out/>
  <testcase classname="TestScript.Recentchatsearchtest" name="Enter_UserName_DeActivated_User" time="26.655"/>
  <system-out/>
  <testcase classname="TestScript.Recentchatsearchtest" name="Enter_GroupName_DeActivated_User" time="25.774"/>
  <system-out/>
  <testcase classname="TestScript.Recentchatsearchtest" name="Enter_DeActivatedUserName_DeActivated_User" time="25.787"/>
  <system-out/>
  <testcase classname="TestScript.Recentchatsearchtest" name="Click_On_Deleted_Or_Exited_Groups" time="23.313"/>
  <system-out/>
  <testcase classname="TestScript.Recentchatsearchtest" name="Enter_UserName_Deleted_Exited_Groups" time="25.887"/>
  <system-out/>
  <testcase classname="TestScript.Recentchatsearchtest" name="Enter_GroupName_Deleted_Exited_Groups" time="25.965"/>
  <system-out/>
  <testcase classname="TestScript.Recentchatsearchtest" name="Enter_DeletedGroupName_Deleted_Exited_Groups" time="25.837"/>
  <system-out/>
  <testcase classname="TestScript.Recentchatsearchtest" name="Enter_ExitedGroupName_Deleted_Exited_Groups" time="25.943"/>
  <system-out/>
  <testcase classname="TestScript.Recentchatsearchtest" name="Click_On_All_Dates" time="20.624"/>
  <system-out/>
  <testcase classname="TestScript.Recentchatsearchtest" name="Click_On_Today" time="24.295"/>
  <system-out/>
  <testcase classname="TestScript.Recentchatsearchtest" name="Enter_Text_And_Select_Today" time="22.752">
    <failure message="test case pass expected [Maneesh] but found []" type="java.lang.AssertionError">
      <![CDATA[java.lang.AssertionError: test case pass expected [Maneesh] but found []
at org.testng.Assert.fail(Assert.java:110)
at org.testng.Assert.failNotEquals(Assert.java:1577)
at org.testng.Assert.assertEqualsImpl(Assert.java:149)
at org.testng.Assert.assertEquals(Assert.java:131)
at org.testng.Assert.assertEquals(Assert.java:655)
at Pages.Recentchatsearch.Validate_Today(Recentchatsearch.java:708)
at TestScript.Recentchatsearchtest.Enter_Text_And_Select_Today(Recentchatsearchtest.java:1957)
at java.base/jdk.internal.reflect.NativeMethodAccessorImpl.invoke0(Native Method)
at java.base/jdk.internal.reflect.NativeMethodAccessorImpl.invoke(NativeMethodAccessorImpl.java:77)
at java.base/jdk.internal.reflect.DelegatingMethodAccessorImpl.invoke(DelegatingMethodAccessorImpl.java:43)
at java.base/java.lang.reflect.Method.invoke(Method.java:568)
at org.testng.internal.invokers.MethodInvocationHelper.invokeMethod(MethodInvocationHelper.java:139)
at org.testng.internal.invokers.TestInvoker.invokeMethod(TestInvoker.java:677)
at org.testng.internal.invokers.TestInvoker.invokeTestMethod(TestInvoker.java:221)
at org.testng.internal.invokers.MethodRunner.runInSequence(MethodRunner.java:50)
at org.testng.internal.invokers.TestInvoker$MethodInvocationAgent.invoke(TestInvoker.java:969)
at org.testng.internal.invokers.TestInvoker.invokeTestMethods(TestInvoker.java:194)
at org.testng.internal.invokers.TestMethodWorker.invokeTestMethods(TestMethodWorker.java:148)
at org.testng.internal.invokers.TestMethodWorker.run(TestMethodWorker.java:128)
at java.base/java.util.ArrayList.forEach(ArrayList.java:1511)
at org.testng.TestRunner.privateRun(TestRunner.java:829)
at org.testng.TestRunner.run(TestRunner.java:602)
at org.testng.SuiteRunner.runTest(SuiteRunner.java:437)
at org.testng.SuiteRunner.runSequentially(SuiteRunner.java:431)
at org.testng.SuiteRunner.privateRun(SuiteRunner.java:391)
at org.testng.SuiteRunner.run(SuiteRunner.java:330)
at org.testng.SuiteRunnerWorker.runSuite(SuiteRunnerWorker.java:52)
at org.testng.SuiteRunnerWorker.run(SuiteRunnerWorker.java:95)
at org.testng.TestNG.runSuitesSequentially(TestNG.java:1256)
at org.testng.TestNG.runSuitesLocally(TestNG.java:1176)
at org.testng.TestNG.runSuites(TestNG.java:1099)
at org.testng.TestNG.run(TestNG.java:1067)
at org.testng.remote.AbstractRemoteTestNG.run(AbstractRemoteTestNG.java:115)
at org.testng.remote.RemoteTestNG.initAndRun(RemoteTestNG.java:251)
at org.testng.remote.RemoteTestNG.main(RemoteTestNG.java:77)
]]>
    </failure>
  </testcase> <!-- Enter_Text_And_Select_Today -->
  <system-out/>
  <testcase classname="TestScript.Recentchatsearchtest" name="Click_On_User_Or_Group_In_Select_Today" time="21.717">
    <failure message="test case pass expected [Maneesh] but found []" type="java.lang.AssertionError">
      <![CDATA[java.lang.AssertionError: test case pass expected [Maneesh] but found []
at org.testng.Assert.fail(Assert.java:110)
at org.testng.Assert.failNotEquals(Assert.java:1577)
at org.testng.Assert.assertEqualsImpl(Assert.java:149)
at org.testng.Assert.assertEquals(Assert.java:131)
at org.testng.Assert.assertEquals(Assert.java:655)
at Pages.Recentchatsearch.Validate_Today(Recentchatsearch.java:708)
at TestScript.Recentchatsearchtest.Click_On_User_Or_Group_In_Select_Today(Recentchatsearchtest.java:2008)
at java.base/jdk.internal.reflect.NativeMethodAccessorImpl.invoke0(Native Method)
at java.base/jdk.internal.reflect.NativeMethodAccessorImpl.invoke(NativeMethodAccessorImpl.java:77)
at java.base/jdk.internal.reflect.DelegatingMethodAccessorImpl.invoke(DelegatingMethodAccessorImpl.java:43)
at java.base/java.lang.reflect.Method.invoke(Method.java:568)
at org.testng.internal.invokers.MethodInvocationHelper.invokeMethod(MethodInvocationHelper.java:139)
at org.testng.internal.invokers.TestInvoker.invokeMethod(TestInvoker.java:677)
at org.testng.internal.invokers.TestInvoker.invokeTestMethod(TestInvoker.java:221)
at org.testng.internal.invokers.MethodRunner.runInSequence(MethodRunner.java:50)
at org.testng.internal.invokers.TestInvoker$MethodInvocationAgent.invoke(TestInvoker.java:969)
at org.testng.internal.invokers.TestInvoker.invokeTestMethods(TestInvoker.java:194)
at org.testng.internal.invokers.TestMethodWorker.invokeTestMethods(TestMethodWorker.java:148)
at org.testng.internal.invokers.TestMethodWorker.run(TestMethodWorker.java:128)
at java.base/java.util.ArrayList.forEach(ArrayList.java:1511)
at org.testng.TestRunner.privateRun(TestRunner.java:829)
at org.testng.TestRunner.run(TestRunner.java:602)
at org.testng.SuiteRunner.runTest(SuiteRunner.java:437)
at org.testng.SuiteRunner.runSequentially(SuiteRunner.java:431)
at org.testng.SuiteRunner.privateRun(SuiteRunner.java:391)
at org.testng.SuiteRunner.run(SuiteRunner.java:330)
at org.testng.SuiteRunnerWorker.runSuite(SuiteRunnerWorker.java:52)
at org.testng.SuiteRunnerWorker.run(SuiteRunnerWorker.java:95)
at org.testng.TestNG.runSuitesSequentially(TestNG.java:1256)
at org.testng.TestNG.runSuitesLocally(TestNG.java:1176)
at org.testng.TestNG.runSuites(TestNG.java:1099)
at org.testng.TestNG.run(TestNG.java:1067)
at org.testng.remote.AbstractRemoteTestNG.run(AbstractRemoteTestNG.java:115)
at org.testng.remote.RemoteTestNG.initAndRun(RemoteTestNG.java:251)
at org.testng.remote.RemoteTestNG.main(RemoteTestNG.java:77)
]]>
    </failure>
  </testcase> <!-- Click_On_User_Or_Group_In_Select_Today -->
  <system-out/>
  <testcase classname="TestScript.Recentchatsearchtest" name="Enter_Invalid_Search_In_Today" time="24.244"/>
  <system-out/>
  <testcase classname="TestScript.Recentchatsearchtest" name="Click_On_Yesterday" time="22.097"/>
  <system-out/>
  <testcase classname="TestScript.Recentchatsearchtest" name="Enter_Text_And_Select_Yesterday" time="22.851">
    <failure message="test case pass expected [Krishna] but found []" type="java.lang.AssertionError">
      <![CDATA[java.lang.AssertionError: test case pass expected [Krishna] but found []
at org.testng.Assert.fail(Assert.java:110)
at org.testng.Assert.failNotEquals(Assert.java:1577)
at org.testng.Assert.assertEqualsImpl(Assert.java:149)
at org.testng.Assert.assertEquals(Assert.java:131)
at org.testng.Assert.assertEquals(Assert.java:655)
at Pages.Recentchatsearch.Validate_Yesterday(Recentchatsearch.java:750)
at TestScript.Recentchatsearchtest.Enter_Text_And_Select_Yesterday(Recentchatsearchtest.java:2156)
at java.base/jdk.internal.reflect.NativeMethodAccessorImpl.invoke0(Native Method)
at java.base/jdk.internal.reflect.NativeMethodAccessorImpl.invoke(NativeMethodAccessorImpl.java:77)
at java.base/jdk.internal.reflect.DelegatingMethodAccessorImpl.invoke(DelegatingMethodAccessorImpl.java:43)
at java.base/java.lang.reflect.Method.invoke(Method.java:568)
at org.testng.internal.invokers.MethodInvocationHelper.invokeMethod(MethodInvocationHelper.java:139)
at org.testng.internal.invokers.TestInvoker.invokeMethod(TestInvoker.java:677)
at org.testng.internal.invokers.TestInvoker.invokeTestMethod(TestInvoker.java:221)
at org.testng.internal.invokers.MethodRunner.runInSequence(MethodRunner.java:50)
at org.testng.internal.invokers.TestInvoker$MethodInvocationAgent.invoke(TestInvoker.java:969)
at org.testng.internal.invokers.TestInvoker.invokeTestMethods(TestInvoker.java:194)
at org.testng.internal.invokers.TestMethodWorker.invokeTestMethods(TestMethodWorker.java:148)
at org.testng.internal.invokers.TestMethodWorker.run(TestMethodWorker.java:128)
at java.base/java.util.ArrayList.forEach(ArrayList.java:1511)
at org.testng.TestRunner.privateRun(TestRunner.java:829)
at org.testng.TestRunner.run(TestRunner.java:602)
at org.testng.SuiteRunner.runTest(SuiteRunner.java:437)
at org.testng.SuiteRunner.runSequentially(SuiteRunner.java:431)
at org.testng.SuiteRunner.privateRun(SuiteRunner.java:391)
at org.testng.SuiteRunner.run(SuiteRunner.java:330)
at org.testng.SuiteRunnerWorker.runSuite(SuiteRunnerWorker.java:52)
at org.testng.SuiteRunnerWorker.run(SuiteRunnerWorker.java:95)
at org.testng.TestNG.runSuitesSequentially(TestNG.java:1256)
at org.testng.TestNG.runSuitesLocally(TestNG.java:1176)
at org.testng.TestNG.runSuites(TestNG.java:1099)
at org.testng.TestNG.run(TestNG.java:1067)
at org.testng.remote.AbstractRemoteTestNG.run(AbstractRemoteTestNG.java:115)
at org.testng.remote.RemoteTestNG.initAndRun(RemoteTestNG.java:251)
at org.testng.remote.RemoteTestNG.main(RemoteTestNG.java:77)
]]>
    </failure>
  </testcase> <!-- Enter_Text_And_Select_Yesterday -->
  <system-out/>
  <testcase classname="TestScript.Recentchatsearchtest" name="Click_On_User_Or_Group_In_Select_Yesterday" time="22.361">
    <failure message="test case pass expected [Krishna] but found []" type="java.lang.AssertionError">
      <![CDATA[java.lang.AssertionError: test case pass expected [Krishna] but found []
at org.testng.Assert.fail(Assert.java:110)
at org.testng.Assert.failNotEquals(Assert.java:1577)
at org.testng.Assert.assertEqualsImpl(Assert.java:149)
at org.testng.Assert.assertEquals(Assert.java:131)
at org.testng.Assert.assertEquals(Assert.java:655)
at Pages.Recentchatsearch.Validate_Yesterday(Recentchatsearch.java:750)
at TestScript.Recentchatsearchtest.Click_On_User_Or_Group_In_Select_Yesterday(Recentchatsearchtest.java:2207)
at java.base/jdk.internal.reflect.NativeMethodAccessorImpl.invoke0(Native Method)
at java.base/jdk.internal.reflect.NativeMethodAccessorImpl.invoke(NativeMethodAccessorImpl.java:77)
at java.base/jdk.internal.reflect.DelegatingMethodAccessorImpl.invoke(DelegatingMethodAccessorImpl.java:43)
at java.base/java.lang.reflect.Method.invoke(Method.java:568)
at org.testng.internal.invokers.MethodInvocationHelper.invokeMethod(MethodInvocationHelper.java:139)
at org.testng.internal.invokers.TestInvoker.invokeMethod(TestInvoker.java:677)
at org.testng.internal.invokers.TestInvoker.invokeTestMethod(TestInvoker.java:221)
at org.testng.internal.invokers.MethodRunner.runInSequence(MethodRunner.java:50)
at org.testng.internal.invokers.TestInvoker$MethodInvocationAgent.invoke(TestInvoker.java:969)
at org.testng.internal.invokers.TestInvoker.invokeTestMethods(TestInvoker.java:194)
at org.testng.internal.invokers.TestMethodWorker.invokeTestMethods(TestMethodWorker.java:148)
at org.testng.internal.invokers.TestMethodWorker.run(TestMethodWorker.java:128)
at java.base/java.util.ArrayList.forEach(ArrayList.java:1511)
at org.testng.TestRunner.privateRun(TestRunner.java:829)
at org.testng.TestRunner.run(TestRunner.java:602)
at org.testng.SuiteRunner.runTest(SuiteRunner.java:437)
at org.testng.SuiteRunner.runSequentially(SuiteRunner.java:431)
at org.testng.SuiteRunner.privateRun(SuiteRunner.java:391)
at org.testng.SuiteRunner.run(SuiteRunner.java:330)
at org.testng.SuiteRunnerWorker.runSuite(SuiteRunnerWorker.java:52)
at org.testng.SuiteRunnerWorker.run(SuiteRunnerWorker.java:95)
at org.testng.TestNG.runSuitesSequentially(TestNG.java:1256)
at org.testng.TestNG.runSuitesLocally(TestNG.java:1176)
at org.testng.TestNG.runSuites(TestNG.java:1099)
at org.testng.TestNG.run(TestNG.java:1067)
at org.testng.remote.AbstractRemoteTestNG.run(AbstractRemoteTestNG.java:115)
at org.testng.remote.RemoteTestNG.initAndRun(RemoteTestNG.java:251)
at org.testng.remote.RemoteTestNG.main(RemoteTestNG.java:77)
]]>
    </failure>
  </testcase> <!-- Click_On_User_Or_Group_In_Select_Yesterday -->
  <system-out/>
  <testcase classname="TestScript.Recentchatsearchtest" name="Enter_Invalid_Search_In_Yesterday" time="24.684"/>
  <system-out/>
  <testcase classname="TestScript.Recentchatsearchtest" name="Click_On_Last_7_Days" time="23.738"/>
  <system-out/>
  <testcase classname="TestScript.Recentchatsearchtest" name="Enter_Text_And_Select_Last_7_Days" time="24.943"/>
  <system-out/>
  <testcase classname="TestScript.Recentchatsearchtest" name="Click_On_User_Or_Group_In_Select_Last_7_Days" time="29.241"/>
  <system-out/>
  <testcase classname="TestScript.Recentchatsearchtest" name="Enter_Invalid_Search_In_Last_7_Days" time="23.782"/>
  <system-out/>
  <testcase classname="TestScript.Recentchatsearchtest" name="Click_On_Last_30_Days" time="22.506"/>
  <system-out/>
  <testcase classname="TestScript.Recentchatsearchtest" name="Enter_Text_And_Select_Last_30_Days" time="25.002"/>
  <system-out/>
  <testcase classname="TestScript.Recentchatsearchtest" name="Click_On_User_Or_Group_In_Select_Last_30_Days" time="26.403"/>
  <system-out/>
  <testcase classname="TestScript.Recentchatsearchtest" name="Enter_Invalid_Search_In_Last_30_Days" time="24.521"/>
  <system-out/>
  <testcase classname="TestScript.Recentchatsearchtest" name="Click_On_This_Month" time="22.349"/>
  <system-out/>
  <testcase classname="TestScript.Recentchatsearchtest" name="Enter_Text_And_Select_This_Month" time="25.036"/>
  <system-out/>
  <testcase classname="TestScript.Recentchatsearchtest" name="Click_On_User_Or_Group_In_Select_This_Month" time="26.664"/>
  <system-out/>
  <testcase classname="TestScript.Recentchatsearchtest" name="Enter_Invalid_Search_In_This_Month" time="24.085"/>
  <system-out/>
  <testcase classname="TestScript.Recentchatsearchtest" name="Click_On_This_Year" time="21.739"/>
  <system-out/>
  <testcase classname="TestScript.Recentchatsearchtest" name="Enter_Text_And_Select_This_Year" time="25.074"/>
  <system-out/>
  <testcase classname="TestScript.Recentchatsearchtest" name="Click_On_User_Or_Group_In_Select_This_Year" time="26.828"/>
  <system-out/>
  <testcase classname="TestScript.Recentchatsearchtest" name="Enter_Invalid_Search_In_This_Year" time="25.544"/>
  <system-out/>
  <testcase classname="TestScript.Recentchatsearchtest" name="Click_On_Last_Year" time="22.582"/>
  <system-out/>
  <testcase classname="TestScript.Recentchatsearchtest" name="Enter_Text_And_Select_Last_Year" time="24.743"/>
  <system-out/>
  <testcase classname="TestScript.Recentchatsearchtest" name="Click_On_User_Or_Group_In_Select_Last_Year" time="27.539"/>
  <system-out/>
  <testcase classname="TestScript.Recentchatsearchtest" name="Enter_Invalid_Search_In_Last_Year" time="23.891"/>
  <system-out/>
  <testcase classname="TestScript.Recentchatsearchtest" name="Click_On_All_Dates_In_Filter" time="22.557"/>
  <system-out/>
  <testcase classname="TestScript.Recentchatsearchtest" name="Enter_Text_And_Select_All_Dates" time="25.255"/>
  <system-out/>
  <testcase classname="TestScript.Recentchatsearchtest" name="Click_On_User_Or_Group_In_Select_All_Dates" time="28.111"/>
  <system-out/>
  <testcase classname="TestScript.Recentchatsearchtest" name="Enter_Invalid_Search_In_All_Dates" time="24.772"/>
  <system-out/>
  <testcase classname="TestScript.Recentchatsearchtest" name="Click_On_Apply_In_Date_Range" time="23.172"/>
  <system-out/>
  <testcase classname="TestScript.Recentchatsearchtest" name="Select_Only_From_Date" time="26.086"/>
  <system-out/>
  <testcase classname="TestScript.Recentchatsearchtest" name="Select_Only_To_Date" time="25.229"/>
  <system-out/>
  <testcase classname="TestScript.Recentchatsearchtest" name="Select_From_And_To_Date" time="27.416"/>
  <system-out/>
  <testcase classname="TestScript.Recentchatsearchtest" name="Enter_Text_In_Date_Range" time="32.877"/>
  <system-out/>
  <testcase classname="TestScript.Recentchatsearchtest" name="Enter_Invalid_Text_In_Date_Range" time="31.355"/>
  <system-out/>
</testsuite> <!-- TestScript.Recentchatsearchtest -->
