<?xml version="1.0" encoding="UTF-8"?>
<!-- Generated by org.testng.reporters.JUnitReportReporter -->
<testsuite hostname="ajay-singh-lodhi" failures="0" tests="182" name="TestScript.DropdownmsgTest" time="1330.881" errors="2" timestamp="2024-04-03T16:55:23 IST" skipped="147">
  <testcase classname="TestScript.DropdownmsgTest" name="closebroswer" time="3.245">
    <error message="disconnected: unable to connect to renderer
  (failed to check if window was closed: disconnected: unable to connect to renderer)
  (Session info: chrome=107.0.5304.87)
Build info: version: &#039;4.11.0&#039;, revision: &#039;040bc5406b&#039;
System info: os.name: &#039;Linux&#039;, os.arch: &#039;amd64&#039;, os.version: &#039;4.15.0-197-generic&#039;, java.version: &#039;17.0.10&#039;
Driver info: org.openqa.selenium.chrome.ChromeDriver
Command: [256a50eeaf242dac5d9f730d21f78332, close {}]
Capabilities {acceptInsecureCerts: false, browserName: chrome, browserVersion: 107.0.5304.87, chrome: {chromedriverVersion: 107.0.5304.62 (1eec40d3a576..., userDataDir: /tmp/.com.google.Chrome.qoyvUT}, goog:chromeOptions: {debuggerAddress: localhost:36403}, networkConnectionEnabled: false, pageLoadStrategy: normal, platformName: linux, proxy: Proxy(), se:cdp: ws://localhost:36403/devtoo..., se:cdpVersion: 107.0.5304.87, setWindowRect: true, strictFileInteractability: false, timeouts: {implicit: 0, pageLoad: 300000, script: 30000}, unhandledPromptBehavior: dismiss and notify, webauthn:extension:credBlob: true, webauthn:extension:largeBlob: true, webauthn:virtualAuthenticators: true}
Session ID: 256a50eeaf242dac5d9f730d21f78332" type="org.openqa.selenium.WebDriverException">
      <![CDATA[org.openqa.selenium.WebDriverException: disconnected: unable to connect to renderer
  (failed to check if window was closed: disconnected: unable to connect to renderer)
  (Session info: chrome=107.0.5304.87)
Build info: version: '4.11.0', revision: '040bc5406b'
System info: os.name: 'Linux', os.arch: 'amd64', os.version: '4.15.0-197-generic', java.version: '17.0.10'
Driver info: org.openqa.selenium.chrome.ChromeDriver
Command: [256a50eeaf242dac5d9f730d21f78332, close {}]
Capabilities {acceptInsecureCerts: false, browserName: chrome, browserVersion: 107.0.5304.87, chrome: {chromedriverVersion: 107.0.5304.62 (1eec40d3a576..., userDataDir: /tmp/.com.google.Chrome.qoyvUT}, goog:chromeOptions: {debuggerAddress: localhost:36403}, networkConnectionEnabled: false, pageLoadStrategy: normal, platformName: linux, proxy: Proxy(), se:cdp: ws://localhost:36403/devtoo..., se:cdpVersion: 107.0.5304.87, setWindowRect: true, strictFileInteractability: false, timeouts: {implicit: 0, pageLoad: 300000, script: 30000}, unhandledPromptBehavior: dismiss and notify, webauthn:extension:credBlob: true, webauthn:extension:largeBlob: true, webauthn:virtualAuthenticators: true}
Session ID: 256a50eeaf242dac5d9f730d21f78332
at java.base/jdk.internal.reflect.NativeConstructorAccessorImpl.newInstance0(Native Method)
at java.base/jdk.internal.reflect.NativeConstructorAccessorImpl.newInstance(NativeConstructorAccessorImpl.java:77)
at java.base/jdk.internal.reflect.DelegatingConstructorAccessorImpl.newInstance(DelegatingConstructorAccessorImpl.java:45)
at java.base/java.lang.reflect.Constructor.newInstanceWithCaller(Constructor.java:499)
at java.base/java.lang.reflect.Constructor.newInstance(Constructor.java:480)
at org.openqa.selenium.remote.codec.w3c.W3CHttpResponseCodec.createException(W3CHttpResponseCodec.java:200)
at org.openqa.selenium.remote.codec.w3c.W3CHttpResponseCodec.decode(W3CHttpResponseCodec.java:133)
at org.openqa.selenium.remote.codec.w3c.W3CHttpResponseCodec.decode(W3CHttpResponseCodec.java:52)
at org.openqa.selenium.remote.HttpCommandExecutor.execute(HttpCommandExecutor.java:191)
at org.openqa.selenium.remote.service.DriverCommandExecutor.invokeExecute(DriverCommandExecutor.java:196)
at org.openqa.selenium.remote.service.DriverCommandExecutor.execute(DriverCommandExecutor.java:171)
at org.openqa.selenium.remote.RemoteWebDriver.execute(RemoteWebDriver.java:518)
at org.openqa.selenium.remote.RemoteWebDriver.execute(RemoteWebDriver.java:591)
at org.openqa.selenium.remote.RemoteWebDriver.execute(RemoteWebDriver.java:595)
at org.openqa.selenium.remote.RemoteWebDriver.close(RemoteWebDriver.java:405)
at TestScript.DropdownmsgTest.closebroswer(DropdownmsgTest.java:31)
at jdk.internal.reflect.GeneratedMethodAccessor83.invoke(Unknown Source)
at java.base/jdk.internal.reflect.DelegatingMethodAccessorImpl.invoke(DelegatingMethodAccessorImpl.java:43)
at java.base/java.lang.reflect.Method.invoke(Method.java:568)
at org.testng.internal.invokers.MethodInvocationHelper.invokeMethod(MethodInvocationHelper.java:139)
at org.testng.internal.invokers.MethodInvocationHelper.invokeMethodConsideringTimeout(MethodInvocationHelper.java:69)
at org.testng.internal.invokers.ConfigInvoker.invokeConfigurationMethod(ConfigInvoker.java:361)
at org.testng.internal.invokers.ConfigInvoker.invokeConfigurations(ConfigInvoker.java:296)
at org.testng.internal.invokers.TestInvoker.runConfigMethods(TestInvoker.java:823)
at org.testng.internal.invokers.TestInvoker.runAfterConfigurations(TestInvoker.java:792)
at org.testng.internal.invokers.TestInvoker.invokeMethod(TestInvoker.java:768)
at org.testng.internal.invokers.TestInvoker.invokeTestMethod(TestInvoker.java:221)
at org.testng.internal.invokers.MethodRunner.runInSequence(MethodRunner.java:50)
at org.testng.internal.invokers.TestInvoker$MethodInvocationAgent.invoke(TestInvoker.java:969)
at org.testng.internal.invokers.TestInvoker.invokeTestMethods(TestInvoker.java:194)
at org.testng.internal.invokers.TestMethodWorker.invokeTestMethods(TestMethodWorker.java:148)
at org.testng.internal.invokers.TestMethodWorker.run(TestMethodWorker.java:128)
at java.base/java.util.ArrayList.forEach(ArrayList.java:1511)
at org.testng.TestRunner.privateRun(TestRunner.java:829)
at org.testng.TestRunner.run(TestRunner.java:602)
at org.testng.SuiteRunner.runTest(SuiteRunner.java:437)
at org.testng.SuiteRunner.runSequentially(SuiteRunner.java:431)
at org.testng.SuiteRunner.privateRun(SuiteRunner.java:391)
at org.testng.SuiteRunner.run(SuiteRunner.java:330)
at org.testng.SuiteRunnerWorker.runSuite(SuiteRunnerWorker.java:52)
at org.testng.SuiteRunnerWorker.run(SuiteRunnerWorker.java:95)
at org.testng.TestNG.runSuitesSequentially(TestNG.java:1256)
at org.testng.TestNG.runSuitesLocally(TestNG.java:1176)
at org.testng.TestNG.runSuites(TestNG.java:1099)
at org.testng.TestNG.run(TestNG.java:1067)
at org.testng.remote.AbstractRemoteTestNG.run(AbstractRemoteTestNG.java:115)
at org.testng.remote.RemoteTestNG.initAndRun(RemoteTestNG.java:251)
at org.testng.remote.RemoteTestNG.main(RemoteTestNG.java:77)
]]>
    </error>
  </testcase> <!-- closebroswer -->
  <system-out/>
  <testcase classname="TestScript.DropdownmsgTest" name="Login" time="15.355"/>
  <system-out/>
  <testcase classname="TestScript.DropdownmsgTest" name="Drop_Down_On_Sended_Msg" time="26.839"/>
  <system-out/>
  <testcase classname="TestScript.DropdownmsgTest" name="Drop_Down_On_Received_Msg_Reply_With_Msg" time="37.501"/>
  <system-out/>
  <testcase classname="TestScript.DropdownmsgTest" name="Drop_Down_On_Sended_Msg_Reply_With_Msg" time="41.015"/>
  <system-out/>
  <testcase classname="TestScript.DropdownmsgTest" name="Drop_Down_On_Sended_Msg_Reply_With_Image" time="46.196"/>
  <system-out/>
  <testcase classname="TestScript.DropdownmsgTest" name="Drop_Down_On_Sended_Msg_Reply_With_Video" time="46.441"/>
  <system-out/>
  <testcase classname="TestScript.DropdownmsgTest" name="Drop_Down_On_Sended_Msg_Reply_With_Doc" time="47.944"/>
  <system-out/>
  <testcase classname="TestScript.DropdownmsgTest" name="Drop_Down_On_Sended_Msg_Reply_With_Audio" time="46.701"/>
  <system-out/>
  <testcase classname="TestScript.DropdownmsgTest" name="Drop_Down_On_Sended_Msg_Reply_With_Link" time="39.716"/>
  <system-out/>
  <testcase classname="TestScript.DropdownmsgTest" name="Drop_Down_On_Sended_Msg_Reply_With_Code_Snippet" time="33.300"/>
  <system-out/>
  <testcase classname="TestScript.DropdownmsgTest" name="Drop_Down_On_Sended_Image" time="26.505"/>
  <system-out/>
  <testcase classname="TestScript.DropdownmsgTest" name="Drop_Down_On_Sended_Image_Reply_With_Msg" time="37.443"/>
  <system-out/>
  <testcase classname="TestScript.DropdownmsgTest" name="Drop_Down_On_Sended_Image_Reply_With_Image" time="44.530"/>
  <system-out/>
  <testcase classname="TestScript.DropdownmsgTest" name="Drop_Down_On_Sended_Image_Reply_With_Video" time="45.336"/>
  <system-out/>
  <testcase classname="TestScript.DropdownmsgTest" name="Drop_Down_On_Sended_Image_Reply_With_Doc" time="46.657"/>
  <system-out/>
  <testcase classname="TestScript.DropdownmsgTest" name="Drop_Down_On_Sended_Image_Reply_With_Audio" time="45.246"/>
  <system-out/>
  <testcase classname="TestScript.DropdownmsgTest" name="Drop_Down_On_Sended_Image_Reply_With_Link" time="35.577"/>
  <system-out/>
  <testcase classname="TestScript.DropdownmsgTest" name="Drop_Down_On_Sended_Image_Reply_With_Code_Snippet" time="32.155"/>
  <system-out/>
  <testcase classname="TestScript.DropdownmsgTest" name="Drop_Down_On_Sended_Video" time="41.066"/>
  <system-out/>
  <testcase classname="TestScript.DropdownmsgTest" name="Drop_Down_On_Sended_Video_Reply_With_Msg" time="40.808"/>
  <system-out/>
  <testcase classname="TestScript.DropdownmsgTest" name="Drop_Down_On_Sended_Video_Reply_With_Image" time="44.414"/>
  <system-out/>
  <testcase classname="TestScript.DropdownmsgTest" name="Drop_Down_On_Sended_Video_Reply_With_Video" time="45.442"/>
  <system-out/>
  <testcase classname="TestScript.DropdownmsgTest" name="Drop_Down_On_Sended_Video_Reply_With_Doc" time="46.444"/>
  <system-out/>
  <testcase classname="TestScript.DropdownmsgTest" name="Drop_Down_On_Sended_Video_Reply_With_Audio" time="45.617"/>
  <system-out/>
  <testcase classname="TestScript.DropdownmsgTest" name="Drop_Down_On_Sended_Video_Reply_With_Link" time="35.699"/>
  <system-out/>
  <testcase classname="TestScript.DropdownmsgTest" name="Drop_Down_On_Sended_Video_Reply_With_Code_Snippet" time="32.454"/>
  <system-out/>
  <testcase classname="TestScript.DropdownmsgTest" name="Drop_Down_On_Sended_Doc" time="39.246"/>
  <system-out/>
  <testcase classname="TestScript.DropdownmsgTest" name="Drop_Down_On_Sended_Doc_Reply_With_Msg" time="40.324"/>
  <system-out/>
  <testcase classname="TestScript.DropdownmsgTest" name="Drop_Down_On_Sended_Doc_Reply_With_Image" time="44.218"/>
  <system-out/>
  <testcase classname="TestScript.DropdownmsgTest" name="Drop_Down_On_Sended_Doc_Reply_With_Video" time="45.678"/>
  <system-out/>
  <testcase classname="TestScript.DropdownmsgTest" name="Drop_Down_On_Sended_Doc_Reply_With_Doc" time="47.003"/>
  <system-out/>
  <testcase classname="TestScript.DropdownmsgTest" name="Drop_Down_On_Sended_Doc_Reply_With_Audio" time="45.470"/>
  <system-out/>
  <testcase classname="TestScript.DropdownmsgTest" name="Drop_Down_On_Sended_Doc_Reply_With_Link" time="35.302"/>
  <system-out/>
  <testcase classname="TestScript.DropdownmsgTest" name="Drop_Down_On_Sended_Doc_Reply_With_Code_Snippet" time="3.987">
    <error message="no such window: target window already closed
from unknown error: web view not found
  (Session info: chrome=107.0.5304.87)
Build info: version: &#039;4.11.0&#039;, revision: &#039;040bc5406b&#039;
System info: os.name: &#039;Linux&#039;, os.arch: &#039;amd64&#039;, os.version: &#039;4.15.0-197-generic&#039;, java.version: &#039;17.0.10&#039;
Driver info: org.openqa.selenium.chrome.ChromeDriver
Command: [256a50eeaf242dac5d9f730d21f78332, findElement {using=xpath, value=//input[@name=&#039;email&#039;]}]
Capabilities {acceptInsecureCerts: false, browserName: chrome, browserVersion: 107.0.5304.87, chrome: {chromedriverVersion: 107.0.5304.62 (1eec40d3a576..., userDataDir: /tmp/.com.google.Chrome.qoyvUT}, goog:chromeOptions: {debuggerAddress: localhost:36403}, networkConnectionEnabled: false, pageLoadStrategy: normal, platformName: linux, proxy: Proxy(), se:cdp: ws://localhost:36403/devtoo..., se:cdpVersion: 107.0.5304.87, setWindowRect: true, strictFileInteractability: false, timeouts: {implicit: 0, pageLoad: 300000, script: 30000}, unhandledPromptBehavior: dismiss and notify, webauthn:extension:credBlob: true, webauthn:extension:largeBlob: true, webauthn:virtualAuthenticators: true}
Session ID: 256a50eeaf242dac5d9f730d21f78332" type="org.openqa.selenium.NoSuchWindowException">
      <![CDATA[org.openqa.selenium.NoSuchWindowException: no such window: target window already closed
from unknown error: web view not found
  (Session info: chrome=107.0.5304.87)
Build info: version: '4.11.0', revision: '040bc5406b'
System info: os.name: 'Linux', os.arch: 'amd64', os.version: '4.15.0-197-generic', java.version: '17.0.10'
Driver info: org.openqa.selenium.chrome.ChromeDriver
Command: [256a50eeaf242dac5d9f730d21f78332, findElement {using=xpath, value=//input[@name='email']}]
Capabilities {acceptInsecureCerts: false, browserName: chrome, browserVersion: 107.0.5304.87, chrome: {chromedriverVersion: 107.0.5304.62 (1eec40d3a576..., userDataDir: /tmp/.com.google.Chrome.qoyvUT}, goog:chromeOptions: {debuggerAddress: localhost:36403}, networkConnectionEnabled: false, pageLoadStrategy: normal, platformName: linux, proxy: Proxy(), se:cdp: ws://localhost:36403/devtoo..., se:cdpVersion: 107.0.5304.87, setWindowRect: true, strictFileInteractability: false, timeouts: {implicit: 0, pageLoad: 300000, script: 30000}, unhandledPromptBehavior: dismiss and notify, webauthn:extension:credBlob: true, webauthn:extension:largeBlob: true, webauthn:virtualAuthenticators: true}
Session ID: 256a50eeaf242dac5d9f730d21f78332
at java.base/jdk.internal.reflect.NativeConstructorAccessorImpl.newInstance0(Native Method)
at java.base/jdk.internal.reflect.NativeConstructorAccessorImpl.newInstance(NativeConstructorAccessorImpl.java:77)
at java.base/jdk.internal.reflect.DelegatingConstructorAccessorImpl.newInstance(DelegatingConstructorAccessorImpl.java:45)
at java.base/java.lang.reflect.Constructor.newInstanceWithCaller(Constructor.java:499)
at java.base/java.lang.reflect.Constructor.newInstance(Constructor.java:480)
at org.openqa.selenium.remote.codec.w3c.W3CHttpResponseCodec.createException(W3CHttpResponseCodec.java:200)
at org.openqa.selenium.remote.codec.w3c.W3CHttpResponseCodec.decode(W3CHttpResponseCodec.java:133)
at org.openqa.selenium.remote.codec.w3c.W3CHttpResponseCodec.decode(W3CHttpResponseCodec.java:52)
at org.openqa.selenium.remote.HttpCommandExecutor.execute(HttpCommandExecutor.java:191)
at org.openqa.selenium.remote.service.DriverCommandExecutor.invokeExecute(DriverCommandExecutor.java:196)
at org.openqa.selenium.remote.service.DriverCommandExecutor.execute(DriverCommandExecutor.java:171)
at org.openqa.selenium.remote.RemoteWebDriver.execute(RemoteWebDriver.java:518)
at org.openqa.selenium.remote.ElementLocation$ElementFinder$2.findElement(ElementLocation.java:165)
at org.openqa.selenium.remote.ElementLocation.findElement(ElementLocation.java:59)
at org.openqa.selenium.remote.RemoteWebDriver.findElement(RemoteWebDriver.java:355)
at org.openqa.selenium.remote.RemoteWebDriver.findElement(RemoteWebDriver.java:349)
at Pages.Dropdownonmsgs.Set_Email(Dropdownonmsgs.java:39)
at Pages.Dropdownonmsgs.TRoop_Login(Dropdownonmsgs.java:2508)
at TestScript.DropdownmsgTest.Drop_Down_On_Sended_Doc_Reply_With_Code_Snippet(DropdownmsgTest.java:1972)
at java.base/jdk.internal.reflect.NativeMethodAccessorImpl.invoke0(Native Method)
at java.base/jdk.internal.reflect.NativeMethodAccessorImpl.invoke(NativeMethodAccessorImpl.java:77)
at java.base/jdk.internal.reflect.DelegatingMethodAccessorImpl.invoke(DelegatingMethodAccessorImpl.java:43)
at java.base/java.lang.reflect.Method.invoke(Method.java:568)
at org.testng.internal.invokers.MethodInvocationHelper.invokeMethod(MethodInvocationHelper.java:139)
at org.testng.internal.invokers.TestInvoker.invokeMethod(TestInvoker.java:677)
at org.testng.internal.invokers.TestInvoker.invokeTestMethod(TestInvoker.java:221)
at org.testng.internal.invokers.MethodRunner.runInSequence(MethodRunner.java:50)
at org.testng.internal.invokers.TestInvoker$MethodInvocationAgent.invoke(TestInvoker.java:969)
at org.testng.internal.invokers.TestInvoker.invokeTestMethods(TestInvoker.java:194)
at org.testng.internal.invokers.TestMethodWorker.invokeTestMethods(TestMethodWorker.java:148)
at org.testng.internal.invokers.TestMethodWorker.run(TestMethodWorker.java:128)
at java.base/java.util.ArrayList.forEach(ArrayList.java:1511)
at org.testng.TestRunner.privateRun(TestRunner.java:829)
at org.testng.TestRunner.run(TestRunner.java:602)
at org.testng.SuiteRunner.runTest(SuiteRunner.java:437)
at org.testng.SuiteRunner.runSequentially(SuiteRunner.java:431)
at org.testng.SuiteRunner.privateRun(SuiteRunner.java:391)
at org.testng.SuiteRunner.run(SuiteRunner.java:330)
at org.testng.SuiteRunnerWorker.runSuite(SuiteRunnerWorker.java:52)
at org.testng.SuiteRunnerWorker.run(SuiteRunnerWorker.java:95)
at org.testng.TestNG.runSuitesSequentially(TestNG.java:1256)
at org.testng.TestNG.runSuitesLocally(TestNG.java:1176)
at org.testng.TestNG.runSuites(TestNG.java:1099)
at org.testng.TestNG.run(TestNG.java:1067)
at org.testng.remote.AbstractRemoteTestNG.run(AbstractRemoteTestNG.java:115)
at org.testng.remote.RemoteTestNG.initAndRun(RemoteTestNG.java:251)
at org.testng.remote.RemoteTestNG.main(RemoteTestNG.java:77)
]]>
    </error>
  </testcase> <!-- Drop_Down_On_Sended_Doc_Reply_With_Code_Snippet -->
  <system-out/>
  <testcase classname="TestScript.DropdownmsgTest" name="Drop_Down_On_Sended_Audio" time="0.000">
    <skipped/>
  </testcase> <!-- Drop_Down_On_Sended_Audio -->
  <system-out/>
  <testcase classname="TestScript.DropdownmsgTest" name="Drop_Down_On_Sended_Audio_Reply_With_Msg" time="0.000">
    <skipped/>
  </testcase> <!-- Drop_Down_On_Sended_Audio_Reply_With_Msg -->
  <system-out/>
  <testcase classname="TestScript.DropdownmsgTest" name="Drop_Down_On_Sended_Audio_Reply_With_Image" time="0.000">
    <skipped/>
  </testcase> <!-- Drop_Down_On_Sended_Audio_Reply_With_Image -->
  <system-out/>
  <testcase classname="TestScript.DropdownmsgTest" name="Drop_Down_On_Sended_Audio_Reply_With_Video" time="0.000">
    <skipped/>
  </testcase> <!-- Drop_Down_On_Sended_Audio_Reply_With_Video -->
  <system-out/>
  <testcase classname="TestScript.DropdownmsgTest" name="Drop_Down_On_Sended_Audio_Reply_With_Doc" time="0.000">
    <skipped/>
  </testcase> <!-- Drop_Down_On_Sended_Audio_Reply_With_Doc -->
  <system-out/>
  <testcase classname="TestScript.DropdownmsgTest" name="Drop_Down_On_Sended_Audio_Reply_With_Audio" time="0.000">
    <skipped/>
  </testcase> <!-- Drop_Down_On_Sended_Audio_Reply_With_Audio -->
  <system-out/>
  <testcase classname="TestScript.DropdownmsgTest" name="Drop_Down_On_Sended_Audio_Reply_With_Link" time="0.000">
    <skipped/>
  </testcase> <!-- Drop_Down_On_Sended_Audio_Reply_With_Link -->
  <system-out/>
  <testcase classname="TestScript.DropdownmsgTest" name="Drop_Down_On_Sended_Audio_Reply_With_Code_Snippet" time="0.000">
    <skipped/>
  </testcase> <!-- Drop_Down_On_Sended_Audio_Reply_With_Code_Snippet -->
  <system-out/>
  <testcase classname="TestScript.DropdownmsgTest" name="Drop_Down_On_Sended_Link" time="0.000">
    <skipped/>
  </testcase> <!-- Drop_Down_On_Sended_Link -->
  <system-out/>
  <testcase classname="TestScript.DropdownmsgTest" name="Drop_Down_On_Sended_Link_Reply_With_Msg" time="0.000">
    <skipped/>
  </testcase> <!-- Drop_Down_On_Sended_Link_Reply_With_Msg -->
  <system-out/>
  <testcase classname="TestScript.DropdownmsgTest" name="Drop_Down_On_Sended_Link_Reply_With_Image" time="0.000">
    <skipped/>
  </testcase> <!-- Drop_Down_On_Sended_Link_Reply_With_Image -->
  <system-out/>
  <testcase classname="TestScript.DropdownmsgTest" name="Drop_Down_On_Sended_Link_Reply_With_Video" time="0.000">
    <skipped/>
  </testcase> <!-- Drop_Down_On_Sended_Link_Reply_With_Video -->
  <system-out/>
  <testcase classname="TestScript.DropdownmsgTest" name="Drop_Down_On_Sended_Link_Reply_With_Doc" time="0.000">
    <skipped/>
  </testcase> <!-- Drop_Down_On_Sended_Link_Reply_With_Doc -->
  <system-out/>
  <testcase classname="TestScript.DropdownmsgTest" name="Drop_Down_On_Sended_Link_Reply_With_Audio" time="0.000">
    <skipped/>
  </testcase> <!-- Drop_Down_On_Sended_Link_Reply_With_Audio -->
  <system-out/>
  <testcase classname="TestScript.DropdownmsgTest" name="Drop_Down_On_Sended_Link_Reply_With_Link" time="0.000">
    <skipped/>
  </testcase> <!-- Drop_Down_On_Sended_Link_Reply_With_Link -->
  <system-out/>
  <testcase classname="TestScript.DropdownmsgTest" name="Drop_Down_On_Sended_Link_Reply_With_Code_Snippet" time="0.000">
    <skipped/>
  </testcase> <!-- Drop_Down_On_Sended_Link_Reply_With_Code_Snippet -->
  <system-out/>
  <testcase classname="TestScript.DropdownmsgTest" name="Drop_Down_On_Sended_Code_Snippet_msg" time="0.000">
    <skipped/>
  </testcase> <!-- Drop_Down_On_Sended_Code_Snippet_msg -->
  <system-out/>
  <testcase classname="TestScript.DropdownmsgTest" name="Drop_Down_On_Sended_Code_Snippet_Reply_With_Msg" time="0.000">
    <skipped/>
  </testcase> <!-- Drop_Down_On_Sended_Code_Snippet_Reply_With_Msg -->
  <system-out/>
  <testcase classname="TestScript.DropdownmsgTest" name="Drop_Down_On_Sended_Code_Snippet_Reply_With_Image" time="0.000">
    <skipped/>
  </testcase> <!-- Drop_Down_On_Sended_Code_Snippet_Reply_With_Image -->
  <system-out/>
  <testcase classname="TestScript.DropdownmsgTest" name="Drop_Down_On_Sended_Code_Snippet_Reply_With_Video" time="0.000">
    <skipped/>
  </testcase> <!-- Drop_Down_On_Sended_Code_Snippet_Reply_With_Video -->
  <system-out/>
  <testcase classname="TestScript.DropdownmsgTest" name="Drop_Down_On_Sended_Code_Snippet_Reply_With_Doc" time="0.000">
    <skipped/>
  </testcase> <!-- Drop_Down_On_Sended_Code_Snippet_Reply_With_Doc -->
  <system-out/>
  <testcase classname="TestScript.DropdownmsgTest" name="Drop_Down_On_Sended_Code_Snippet_Reply_With_Audio" time="0.000">
    <skipped/>
  </testcase> <!-- Drop_Down_On_Sended_Code_Snippet_Reply_With_Audio -->
  <system-out/>
  <testcase classname="TestScript.DropdownmsgTest" name="Drop_Down_On_Sended_Code_Snippet_Reply_With_Link" time="0.000">
    <skipped/>
  </testcase> <!-- Drop_Down_On_Sended_Code_Snippet_Reply_With_Link -->
  <system-out/>
  <testcase classname="TestScript.DropdownmsgTest" name="Drop_Down_On_Sended_Code_Snippet_Reply_With_Code_Snippet" time="0.000">
    <skipped/>
  </testcase> <!-- Drop_Down_On_Sended_Code_Snippet_Reply_With_Code_Snippet -->
  <system-out/>
  <testcase classname="TestScript.DropdownmsgTest" name="Click_Forward" time="0.000">
    <skipped/>
  </testcase> <!-- Click_Forward -->
  <system-out/>
  <testcase classname="TestScript.DropdownmsgTest" name="Click_Forward_On_Send_Button" time="0.000">
    <skipped/>
  </testcase> <!-- Click_Forward_On_Send_Button -->
  <system-out/>
  <testcase classname="TestScript.DropdownmsgTest" name="Click_Forward_On_Cancel_Button" time="0.000">
    <skipped/>
  </testcase> <!-- Click_Forward_On_Cancel_Button -->
  <system-out/>
  <testcase classname="TestScript.DropdownmsgTest" name="Forward_Search_Valid" time="0.000">
    <skipped/>
  </testcase> <!-- Forward_Search_Valid -->
  <system-out/>
  <testcase classname="TestScript.DropdownmsgTest" name="Forward_Search_InValid" time="0.000">
    <skipped/>
  </testcase> <!-- Forward_Search_InValid -->
  <system-out/>
  <testcase classname="TestScript.DropdownmsgTest" name="Forward_Select_User" time="0.000">
    <skipped/>
  </testcase> <!-- Forward_Select_User -->
  <system-out/>
  <testcase classname="TestScript.DropdownmsgTest" name="Forward_Select_Group" time="0.000">
    <skipped/>
  </testcase> <!-- Forward_Select_Group -->
  <system-out/>
  <testcase classname="TestScript.DropdownmsgTest" name="Forward_Select_User_Group" time="0.000">
    <skipped/>
  </testcase> <!-- Forward_Select_User_Group -->
  <system-out/>
  <testcase classname="TestScript.DropdownmsgTest" name="Forward_Reset_Button" time="0.000">
    <skipped/>
  </testcase> <!-- Forward_Reset_Button -->
  <system-out/>
  <testcase classname="TestScript.DropdownmsgTest" name="Forward_Close_Button" time="0.000">
    <skipped/>
  </testcase> <!-- Forward_Close_Button -->
  <system-out/>
  <testcase classname="TestScript.DropdownmsgTest" name="Forward_Msg_to_User_With_Marker" time="0.000">
    <skipped/>
  </testcase> <!-- Forward_Msg_to_User_With_Marker -->
  <system-out/>
  <testcase classname="TestScript.DropdownmsgTest" name="Forward_Msg_to_Group_With_Marker" time="0.000">
    <skipped/>
  </testcase> <!-- Forward_Msg_to_Group_With_Marker -->
  <system-out/>
  <testcase classname="TestScript.DropdownmsgTest" name="Forward_Msg_to_User_Without_Marker" time="0.000">
    <skipped/>
  </testcase> <!-- Forward_Msg_to_User_Without_Marker -->
  <system-out/>
  <testcase classname="TestScript.DropdownmsgTest" name="Forward_Msg_to_User_Group_With_Marker" time="0.000">
    <skipped/>
  </testcase> <!-- Forward_Msg_to_User_Group_With_Marker -->
  <system-out/>
  <testcase classname="TestScript.DropdownmsgTest" name="Forward_Image_to_User_With_Marker" time="0.000">
    <skipped/>
  </testcase> <!-- Forward_Image_to_User_With_Marker -->
  <system-out/>
  <testcase classname="TestScript.DropdownmsgTest" name="Forward_Image_to_User_Without_Marker" time="0.000">
    <skipped/>
  </testcase> <!-- Forward_Image_to_User_Without_Marker -->
  <system-out/>
  <testcase classname="TestScript.DropdownmsgTest" name="Forward_Video_to_User_With_Marker" time="0.000">
    <skipped/>
  </testcase> <!-- Forward_Video_to_User_With_Marker -->
  <system-out/>
  <testcase classname="TestScript.DropdownmsgTest" name="Forward_Video_to_User_Without_Marker" time="0.000">
    <skipped/>
  </testcase> <!-- Forward_Video_to_User_Without_Marker -->
  <system-out/>
  <testcase classname="TestScript.DropdownmsgTest" name="Forward_Doc_to_User_With_Marker" time="0.000">
    <skipped/>
  </testcase> <!-- Forward_Doc_to_User_With_Marker -->
  <system-out/>
  <testcase classname="TestScript.DropdownmsgTest" name="Forward_Doc_to_User_Without_Marker" time="0.000">
    <skipped/>
  </testcase> <!-- Forward_Doc_to_User_Without_Marker -->
  <system-out/>
  <testcase classname="TestScript.DropdownmsgTest" name="Forward_Audio_to_User_With_Marker" time="0.000">
    <skipped/>
  </testcase> <!-- Forward_Audio_to_User_With_Marker -->
  <system-out/>
  <testcase classname="TestScript.DropdownmsgTest" name="Forward_Audio_to_User_Without_Marker" time="0.000">
    <skipped/>
  </testcase> <!-- Forward_Audio_to_User_Without_Marker -->
  <system-out/>
  <testcase classname="TestScript.DropdownmsgTest" name="Forward_Link_to_User_With_Marker" time="0.000">
    <skipped/>
  </testcase> <!-- Forward_Link_to_User_With_Marker -->
  <system-out/>
  <testcase classname="TestScript.DropdownmsgTest" name="Forward_Link_to_User_Without_Marker" time="0.000">
    <skipped/>
  </testcase> <!-- Forward_Link_to_User_Without_Marker -->
  <system-out/>
  <testcase classname="TestScript.DropdownmsgTest" name="Forward_Code_Snippet_to_User_With_Marker" time="0.000">
    <skipped/>
  </testcase> <!-- Forward_Code_Snippet_to_User_With_Marker -->
  <system-out/>
  <testcase classname="TestScript.DropdownmsgTest" name="Forward_Code_Snippet_to_User_Without_Marker" time="0.000">
    <skipped/>
  </testcase> <!-- Forward_Code_Snippet_to_User_Without_Marker -->
  <system-out/>
  <testcase classname="TestScript.DropdownmsgTest" name="Click_On_Copy" time="0.000">
    <skipped/>
  </testcase> <!-- Click_On_Copy -->
  <system-out/>
  <testcase classname="TestScript.DropdownmsgTest" name="Click_On_Copy_Button_Msg" time="0.000">
    <skipped/>
  </testcase> <!-- Click_On_Copy_Button_Msg -->
  <system-out/>
  <testcase classname="TestScript.DropdownmsgTest" name="Click_On_Cancel_Button" time="0.000">
    <skipped/>
  </testcase> <!-- Click_On_Cancel_Button -->
  <system-out/>
  <testcase classname="TestScript.DropdownmsgTest" name="Click_On_Copy_Image" time="0.001">
    <skipped/>
  </testcase> <!-- Click_On_Copy_Image -->
  <system-out/>
  <testcase classname="TestScript.DropdownmsgTest" name="Click_On_Copy_Video" time="0.000">
    <skipped/>
  </testcase> <!-- Click_On_Copy_Video -->
  <system-out/>
  <testcase classname="TestScript.DropdownmsgTest" name="Click_On_Copy_Doc" time="0.000">
    <skipped/>
  </testcase> <!-- Click_On_Copy_Doc -->
  <system-out/>
  <testcase classname="TestScript.DropdownmsgTest" name="Click_On_Copy_Audio" time="0.000">
    <skipped/>
  </testcase> <!-- Click_On_Copy_Audio -->
  <system-out/>
  <testcase classname="TestScript.DropdownmsgTest" name="Click_On_Copy_Link" time="0.000">
    <skipped/>
  </testcase> <!-- Click_On_Copy_Link -->
  <system-out/>
  <testcase classname="TestScript.DropdownmsgTest" name="Click_On_Copy_Code_Snippet" time="0.000">
    <skipped/>
  </testcase> <!-- Click_On_Copy_Code_Snippet -->
  <system-out/>
  <testcase classname="TestScript.DropdownmsgTest" name="Double_Click_On_Copy_Button_Msg" time="0.000">
    <skipped/>
  </testcase> <!-- Double_Click_On_Copy_Button_Msg -->
  <system-out/>
  <testcase classname="TestScript.DropdownmsgTest" name="Click_On_Edit" time="0.000">
    <skipped/>
  </testcase> <!-- Click_On_Edit -->
  <system-out/>
  <testcase classname="TestScript.DropdownmsgTest" name="Edit_Close_Button" time="0.000">
    <skipped/>
  </testcase> <!-- Edit_Close_Button -->
  <system-out/>
  <testcase classname="TestScript.DropdownmsgTest" name="Edit_Msg" time="0.000">
    <skipped/>
  </testcase> <!-- Edit_Msg -->
  <system-out/>
  <testcase classname="TestScript.DropdownmsgTest" name="Edit_Image" time="0.000">
    <skipped/>
  </testcase> <!-- Edit_Image -->
  <system-out/>
  <testcase classname="TestScript.DropdownmsgTest" name="Edit_Video" time="0.000">
    <skipped/>
  </testcase> <!-- Edit_Video -->
  <system-out/>
  <testcase classname="TestScript.DropdownmsgTest" name="Edit_Doc" time="0.000">
    <skipped/>
  </testcase> <!-- Edit_Doc -->
  <system-out/>
  <testcase classname="TestScript.DropdownmsgTest" name="Edit_Audio" time="0.000">
    <skipped/>
  </testcase> <!-- Edit_Audio -->
  <system-out/>
  <testcase classname="TestScript.DropdownmsgTest" name="Edit_link" time="0.000">
    <skipped/>
  </testcase> <!-- Edit_link -->
  <system-out/>
  <testcase classname="TestScript.DropdownmsgTest" name="Edit_Code_Snippet" time="0.000">
    <skipped/>
  </testcase> <!-- Edit_Code_Snippet -->
  <system-out/>
  <testcase classname="TestScript.DropdownmsgTest" name="Click_On_Info" time="0.000">
    <skipped/>
  </testcase> <!-- Click_On_Info -->
  <system-out/>
  <testcase classname="TestScript.DropdownmsgTest" name="View_Info_Msg" time="0.000">
    <skipped/>
  </testcase> <!-- View_Info_Msg -->
  <system-out/>
  <testcase classname="TestScript.DropdownmsgTest" name="View_Info_Image" time="0.000">
    <skipped/>
  </testcase> <!-- View_Info_Image -->
  <system-out/>
  <testcase classname="TestScript.DropdownmsgTest" name="View_Info_Video" time="0.000">
    <skipped/>
  </testcase> <!-- View_Info_Video -->
  <system-out/>
  <testcase classname="TestScript.DropdownmsgTest" name="View_Info_Doc" time="0.000">
    <skipped/>
  </testcase> <!-- View_Info_Doc -->
  <system-out/>
  <testcase classname="TestScript.DropdownmsgTest" name="View_Info_Audio" time="0.000">
    <skipped/>
  </testcase> <!-- View_Info_Audio -->
  <system-out/>
  <testcase classname="TestScript.DropdownmsgTest" name="View_Info_Link" time="0.000">
    <skipped/>
  </testcase> <!-- View_Info_Link -->
  <system-out/>
  <testcase classname="TestScript.DropdownmsgTest" name="View_Info_Code_Snippet" time="0.000">
    <skipped/>
  </testcase> <!-- View_Info_Code_Snippet -->
  <system-out/>
  <testcase classname="TestScript.DropdownmsgTest" name="View_Info_Close_Info" time="0.000">
    <skipped/>
  </testcase> <!-- View_Info_Close_Info -->
  <system-out/>
  <testcase classname="TestScript.DropdownmsgTest" name="View_Info_of_Received_User_Msg" time="0.000">
    <skipped/>
  </testcase> <!-- View_Info_of_Received_User_Msg -->
  <system-out/>
  <testcase classname="TestScript.DropdownmsgTest" name="Click_On_Delete" time="0.000">
    <skipped/>
  </testcase> <!-- Click_On_Delete -->
  <system-out/>
  <testcase classname="TestScript.DropdownmsgTest" name="Click_On_Delete_Send_Button" time="0.000">
    <skipped/>
  </testcase> <!-- Click_On_Delete_Send_Button -->
  <system-out/>
  <testcase classname="TestScript.DropdownmsgTest" name="Click_On_Close_Button_In_Delete" time="0.000">
    <skipped/>
  </testcase> <!-- Click_On_Close_Button_In_Delete -->
  <system-out/>
  <testcase classname="TestScript.DropdownmsgTest" name="Click_On_Delete_Cancel_Button" time="0.000">
    <skipped/>
  </testcase> <!-- Click_On_Delete_Cancel_Button -->
  <system-out/>
  <testcase classname="TestScript.DropdownmsgTest" name="Click_On_No_Button_In_Delete_Msg" time="0.000">
    <skipped/>
  </testcase> <!-- Click_On_No_Button_In_Delete_Msg -->
  <system-out/>
  <testcase classname="TestScript.DropdownmsgTest" name="Click_On_Yes_Button_In_Delete_Msg" time="0.000">
    <skipped/>
  </testcase> <!-- Click_On_Yes_Button_In_Delete_Msg -->
  <system-out/>
  <testcase classname="TestScript.DropdownmsgTest" name="Click_On_No_Button_In_Delete_Image" time="0.000">
    <skipped/>
  </testcase> <!-- Click_On_No_Button_In_Delete_Image -->
  <system-out/>
  <testcase classname="TestScript.DropdownmsgTest" name="Click_On_Yes_Button_In_Delete_Image" time="0.000">
    <skipped/>
  </testcase> <!-- Click_On_Yes_Button_In_Delete_Image -->
  <system-out/>
  <testcase classname="TestScript.DropdownmsgTest" name="Click_On_No_Button_In_Delete_Video" time="0.000">
    <skipped/>
  </testcase> <!-- Click_On_No_Button_In_Delete_Video -->
  <system-out/>
  <testcase classname="TestScript.DropdownmsgTest" name="Click_On_Yes_Button_In_Delete_Video" time="0.000">
    <skipped/>
  </testcase> <!-- Click_On_Yes_Button_In_Delete_Video -->
  <system-out/>
  <testcase classname="TestScript.DropdownmsgTest" name="Click_On_No_Button_In_Delete_Doc" time="0.000">
    <skipped/>
  </testcase> <!-- Click_On_No_Button_In_Delete_Doc -->
  <system-out/>
  <testcase classname="TestScript.DropdownmsgTest" name="Click_On_Yes_Button_In_Delete_Doc" time="0.000">
    <skipped/>
  </testcase> <!-- Click_On_Yes_Button_In_Delete_Doc -->
  <system-out/>
  <testcase classname="TestScript.DropdownmsgTest" name="Click_On_No_Button_In_Delete_Audio" time="0.000">
    <skipped/>
  </testcase> <!-- Click_On_No_Button_In_Delete_Audio -->
  <system-out/>
  <testcase classname="TestScript.DropdownmsgTest" name="Click_On_Yes_Button_In_Delete_Audio" time="0.000">
    <skipped/>
  </testcase> <!-- Click_On_Yes_Button_In_Delete_Audio -->
  <system-out/>
  <testcase classname="TestScript.DropdownmsgTest" name="Click_On_No_Button_In_Delete_Link" time="0.000">
    <skipped/>
  </testcase> <!-- Click_On_No_Button_In_Delete_Link -->
  <system-out/>
  <testcase classname="TestScript.DropdownmsgTest" name="Click_On_Yes_Button_In_Delete_Link" time="0.000">
    <skipped/>
  </testcase> <!-- Click_On_Yes_Button_In_Delete_Link -->
  <system-out/>
  <testcase classname="TestScript.DropdownmsgTest" name="Click_On_No_Button_In_Delete_Code_Snippet" time="0.000">
    <skipped/>
  </testcase> <!-- Click_On_No_Button_In_Delete_Code_Snippet -->
  <system-out/>
  <testcase classname="TestScript.DropdownmsgTest" name="Click_On_Yes_Button_In_Delete_Code_Snippet" time="0.000">
    <skipped/>
  </testcase> <!-- Click_On_Yes_Button_In_Delete_Code_Snippet -->
  <system-out/>
  <testcase classname="TestScript.DropdownmsgTest" name="Click_On_Flag_Msg" time="0.000">
    <skipped/>
  </testcase> <!-- Click_On_Flag_Msg -->
  <system-out/>
  <testcase classname="TestScript.DropdownmsgTest" name="Click_On_UnFlag_Msg" time="0.000">
    <skipped/>
  </testcase> <!-- Click_On_UnFlag_Msg -->
  <system-out/>
  <testcase classname="TestScript.DropdownmsgTest" name="Click_On_Flag_Image" time="0.000">
    <skipped/>
  </testcase> <!-- Click_On_Flag_Image -->
  <system-out/>
  <testcase classname="TestScript.DropdownmsgTest" name="Click_On_UnFlag_Image" time="0.000">
    <skipped/>
  </testcase> <!-- Click_On_UnFlag_Image -->
  <system-out/>
  <testcase classname="TestScript.DropdownmsgTest" name="Click_On_Flag_Video" time="0.001">
    <skipped/>
  </testcase> <!-- Click_On_Flag_Video -->
  <system-out/>
  <testcase classname="TestScript.DropdownmsgTest" name="Click_On_UnFlag_Video" time="0.000">
    <skipped/>
  </testcase> <!-- Click_On_UnFlag_Video -->
  <system-out/>
  <testcase classname="TestScript.DropdownmsgTest" name="Click_On_Flag_Doc" time="0.000">
    <skipped/>
  </testcase> <!-- Click_On_Flag_Doc -->
  <system-out/>
  <testcase classname="TestScript.DropdownmsgTest" name="Click_On_UnFlag_Doc" time="0.000">
    <skipped/>
  </testcase> <!-- Click_On_UnFlag_Doc -->
  <system-out/>
  <testcase classname="TestScript.DropdownmsgTest" name="Click_On_Flag_Audio" time="0.000">
    <skipped/>
  </testcase> <!-- Click_On_Flag_Audio -->
  <system-out/>
  <testcase classname="TestScript.DropdownmsgTest" name="Click_On_UnFlag_Audio" time="0.000">
    <skipped/>
  </testcase> <!-- Click_On_UnFlag_Audio -->
  <system-out/>
  <testcase classname="TestScript.DropdownmsgTest" name="Click_On_Flag_Link" time="0.000">
    <skipped/>
  </testcase> <!-- Click_On_Flag_Link -->
  <system-out/>
  <testcase classname="TestScript.DropdownmsgTest" name="Click_On_UnFlag_Link" time="0.000">
    <skipped/>
  </testcase> <!-- Click_On_UnFlag_Link -->
  <system-out/>
  <testcase classname="TestScript.DropdownmsgTest" name="Click_On_Flag_Code_Snippet" time="0.000">
    <skipped/>
  </testcase> <!-- Click_On_Flag_Code_Snippet -->
  <system-out/>
  <testcase classname="TestScript.DropdownmsgTest" name="Click_On_UnFlag_Code_Snippet" time="0.000">
    <skipped/>
  </testcase> <!-- Click_On_UnFlag_Code_Snippet -->
  <system-out/>
  <testcase classname="TestScript.DropdownmsgTest" name="Click_On_Pin_Msg" time="0.000">
    <skipped/>
  </testcase> <!-- Click_On_Pin_Msg -->
  <system-out/>
  <testcase classname="TestScript.DropdownmsgTest" name="Click_On_UnPin_Msg" time="0.000">
    <skipped/>
  </testcase> <!-- Click_On_UnPin_Msg -->
  <system-out/>
  <testcase classname="TestScript.DropdownmsgTest" name="Click_On_Pin_Image" time="0.000">
    <skipped/>
  </testcase> <!-- Click_On_Pin_Image -->
  <system-out/>
  <testcase classname="TestScript.DropdownmsgTest" name="Click_On_UnPin_Image" time="0.000">
    <skipped/>
  </testcase> <!-- Click_On_UnPin_Image -->
  <system-out/>
  <testcase classname="TestScript.DropdownmsgTest" name="Click_On_Pin_Video" time="0.000">
    <skipped/>
  </testcase> <!-- Click_On_Pin_Video -->
  <system-out/>
  <testcase classname="TestScript.DropdownmsgTest" name="Click_On_UnPin_Video" time="0.000">
    <skipped/>
  </testcase> <!-- Click_On_UnPin_Video -->
  <system-out/>
  <testcase classname="TestScript.DropdownmsgTest" name="Click_On_Pin_Doc" time="0.000">
    <skipped/>
  </testcase> <!-- Click_On_Pin_Doc -->
  <system-out/>
  <testcase classname="TestScript.DropdownmsgTest" name="Click_On_UnPin_Doc" time="0.001">
    <skipped/>
  </testcase> <!-- Click_On_UnPin_Doc -->
  <system-out/>
  <testcase classname="TestScript.DropdownmsgTest" name="Click_On_Pin_Audio" time="0.004">
    <skipped/>
  </testcase> <!-- Click_On_Pin_Audio -->
  <system-out/>
  <testcase classname="TestScript.DropdownmsgTest" name="Click_On_UnPin_Audio" time="0.000">
    <skipped/>
  </testcase> <!-- Click_On_UnPin_Audio -->
  <system-out/>
  <testcase classname="TestScript.DropdownmsgTest" name="Click_On_Pin_Link" time="0.000">
    <skipped/>
  </testcase> <!-- Click_On_Pin_Link -->
  <system-out/>
  <testcase classname="TestScript.DropdownmsgTest" name="Click_On_UnPin_Link" time="0.000">
    <skipped/>
  </testcase> <!-- Click_On_UnPin_Link -->
  <system-out/>
  <testcase classname="TestScript.DropdownmsgTest" name="Click_On_Pin_Code_Snippet" time="0.000">
    <skipped/>
  </testcase> <!-- Click_On_Pin_Code_Snippet -->
  <system-out/>
  <testcase classname="TestScript.DropdownmsgTest" name="Click_On_UnPin_Code_Snippet" time="0.000">
    <skipped/>
  </testcase> <!-- Click_On_UnPin_Code_Snippet -->
  <system-out/>
  <testcase classname="TestScript.DropdownmsgTest" name="Click_On_Respond_Later" time="0.000">
    <skipped/>
  </testcase> <!-- Click_On_Respond_Later -->
  <system-out/>
  <testcase classname="TestScript.DropdownmsgTest" name="Click_On_Clear_For_Respond_Later" time="0.000">
    <skipped/>
  </testcase> <!-- Click_On_Clear_For_Respond_Later -->
  <system-out/>
  <testcase classname="TestScript.DropdownmsgTest" name="Click_On_Recall" time="0.000">
    <skipped/>
  </testcase> <!-- Click_On_Recall -->
  <system-out/>
  <testcase classname="TestScript.DropdownmsgTest" name="Click_On_Recall_Send_Button" time="0.000">
    <skipped/>
  </testcase> <!-- Click_On_Recall_Send_Button -->
  <system-out/>
  <testcase classname="TestScript.DropdownmsgTest" name="Click_On_Close_Button_In_Recall" time="0.000">
    <skipped/>
  </testcase> <!-- Click_On_Close_Button_In_Recall -->
  <system-out/>
  <testcase classname="TestScript.DropdownmsgTest" name="Click_On_Recall_Cancel_Button" time="0.000">
    <skipped/>
  </testcase> <!-- Click_On_Recall_Cancel_Button -->
  <system-out/>
  <testcase classname="TestScript.DropdownmsgTest" name="Click_On_No_Button_In_Recall_Msg" time="0.000">
    <skipped/>
  </testcase> <!-- Click_On_No_Button_In_Recall_Msg -->
  <system-out/>
  <testcase classname="TestScript.DropdownmsgTest" name="Click_On_Yes_Button_In_Recall_Msg" time="0.000">
    <skipped/>
  </testcase> <!-- Click_On_Yes_Button_In_Recall_Msg -->
  <system-out/>
  <testcase classname="TestScript.DropdownmsgTest" name="Click_On_No_Button_In_Recall_Image" time="0.000">
    <skipped/>
  </testcase> <!-- Click_On_No_Button_In_Recall_Image -->
  <system-out/>
  <testcase classname="TestScript.DropdownmsgTest" name="Click_On_Yes_Button_In_Recall_Image" time="0.000">
    <skipped/>
  </testcase> <!-- Click_On_Yes_Button_In_Recall_Image -->
  <system-out/>
  <testcase classname="TestScript.DropdownmsgTest" name="Click_On_No_Button_In_Recall_Video" time="0.000">
    <skipped/>
  </testcase> <!-- Click_On_No_Button_In_Recall_Video -->
  <system-out/>
  <testcase classname="TestScript.DropdownmsgTest" name="Click_On_Yes_Button_In_Recall_Video" time="0.000">
    <skipped/>
  </testcase> <!-- Click_On_Yes_Button_In_Recall_Video -->
  <system-out/>
  <testcase classname="TestScript.DropdownmsgTest" name="Click_On_No_Button_In_Recall_Doc" time="0.000">
    <skipped/>
  </testcase> <!-- Click_On_No_Button_In_Recall_Doc -->
  <system-out/>
  <testcase classname="TestScript.DropdownmsgTest" name="Click_On_Yes_Button_In_Recall_Doc" time="0.000">
    <skipped/>
  </testcase> <!-- Click_On_Yes_Button_In_Recall_Doc -->
  <system-out/>
  <testcase classname="TestScript.DropdownmsgTest" name="Click_On_No_Button_In_Recall_Audio" time="0.000">
    <skipped/>
  </testcase> <!-- Click_On_No_Button_In_Recall_Audio -->
  <system-out/>
  <testcase classname="TestScript.DropdownmsgTest" name="Click_On_Yes_Button_In_Recall_Audio" time="0.000">
    <skipped/>
  </testcase> <!-- Click_On_Yes_Button_In_Recall_Audio -->
  <system-out/>
  <testcase classname="TestScript.DropdownmsgTest" name="Click_On_No_Button_In_Recall_Link" time="0.000">
    <skipped/>
  </testcase> <!-- Click_On_No_Button_In_Recall_Link -->
  <system-out/>
  <testcase classname="TestScript.DropdownmsgTest" name="Click_On_Yes_Button_In_Recall_Link" time="0.000">
    <skipped/>
  </testcase> <!-- Click_On_Yes_Button_In_Recall_Link -->
  <system-out/>
  <testcase classname="TestScript.DropdownmsgTest" name="Click_On_No_Button_In_Recall_Code_Snippet" time="0.000">
    <skipped/>
  </testcase> <!-- Click_On_No_Button_In_Recall_Code_Snippet -->
  <system-out/>
  <testcase classname="TestScript.DropdownmsgTest" name="Click_On_Yes_Button_In_Recall_Code_Snippet" time="0.000">
    <skipped/>
  </testcase> <!-- Click_On_Yes_Button_In_Recall_Code_Snippet -->
  <system-out/>
  <testcase classname="TestScript.DropdownmsgTest" name="Click_On_Recall_For_Previous_Msg" time="0.000">
    <skipped/>
  </testcase> <!-- Click_On_Recall_For_Previous_Msg -->
  <system-out/>
  <testcase classname="TestScript.DropdownmsgTest" name="Click_On_Recall_For_Received_User_Msg" time="0.000">
    <skipped/>
  </testcase> <!-- Click_On_Recall_For_Received_User_Msg -->
  <system-out/>
</testsuite> <!-- TestScript.DropdownmsgTest -->
